\BOOKMARK [0][]{chapter*.5}{\315ndice de figuras}{}% 1
\BOOKMARK [0][]{chapter*.6}{\315ndice de tablas}{}% 2
\BOOKMARK [0][]{chapter.1}{1 Introducci\363n}{}% 3
\BOOKMARK [1][]{section.1.1}{1.1 Presentaci\363n}{chapter.1}% 4
\BOOKMARK [1][]{section.1.2}{1.2 Objetivo}{chapter.1}% 5
\BOOKMARK [1][]{section.1.3}{1.3 Motivaci\363n}{chapter.1}% 6
\BOOKMARK [1][]{section.1.4}{1.4 Planteamiento del problema}{chapter.1}% 7
\BOOKMARK [1][]{section.1.5}{1.5 Metodolog\355a}{chapter.1}% 8
\BOOKMARK [1][]{section.1.6}{1.6 Contribuciones}{chapter.1}% 9
\BOOKMARK [1][]{section.1.7}{1.7 Estructura de la tesis}{chapter.1}% 10
\BOOKMARK [0][]{chapter.2}{2 Marco te\363rico}{}% 11
\BOOKMARK [0][]{chapter.3}{3 Dise\361o del experimento}{}% 12
\BOOKMARK [1][]{section.3.1}{3.1 Secci\363n}{chapter.3}% 13
\BOOKMARK [1][]{section.3.2}{3.2 Secci\363n en color azul}{chapter.3}% 14
\BOOKMARK [2][]{subsection.3.2.1}{3.2.1 Subsecci\363n}{section.3.2}% 15
\BOOKMARK [2][]{subsection.3.2.2}{3.2.2 Otra subsecci\363n}{section.3.2}% 16
\BOOKMARK [0][]{chapter.4}{4 An\341lisis de Resultados}{}% 17
\BOOKMARK [1][]{section.4.1}{4.1 Resultados}{chapter.4}% 18
\BOOKMARK [0][]{chapter.5}{5 Conclusiones}{}% 19
\BOOKMARK [0][]{appendix.Alph1}{A C\363digo/Manuales/Publicaciones}{}% 20
\BOOKMARK [1][]{section.Alph1.1}{A.1 Ap\351ndice}{appendix.Alph1}% 21
\BOOKMARK [0][]{appendix*.9}{Bibliograf\355a}{}% 22
